<?xml version="1.0" encoding="UTF-8"?>
<testsuites tests="1" failures="1" disabled="0" errors="0" time="0." timestamp="2025-09-26T14:34:40.394" name="AllTests">
  <testsuite name="FlexLayoutTest" tests="1" failures="1" disabled="0" skipped="0" errors="0" time="0." timestamp="2025-09-26T14:34:40.394">
    <testcase name="BasicRowLayout" file="../../test/test_radiant_flex_gtest.cpp" line="151" status="run" result="completed" time="0." timestamp="2025-09-26T14:34:40.394" classname="FlexLayoutTest">
      <failure message="../../test/test_radiant_flex_gtest.cpp:164&#x0A;Expected equality of these values:&#x0A;  item1-&gt;x&#x0A;    Which is: -5&#x0A;  0&#x0A;Item 1 should be at x=0&#x0A;" type=""><![CDATA[../../test/test_radiant_flex_gtest.cpp:164
Expected equality of these values:
  item1->x
    Which is: -5
  0
Item 1 should be at x=0
]]></failure>
      <failure message="../../test/test_radiant_flex_gtest.cpp:166&#x0A;Expected equality of these values:&#x0A;  item1-&gt;width&#x0A;    Which is: 0&#x0A;  100&#x0A;Item 1 should maintain width=100&#x0A;" type=""><![CDATA[../../test/test_radiant_flex_gtest.cpp:166
Expected equality of these values:
  item1->width
    Which is: 0
  100
Item 1 should maintain width=100
]]></failure>
      <failure message="../../test/test_radiant_flex_gtest.cpp:168&#x0A;Expected equality of these values:&#x0A;  item2-&gt;x&#x0A;    Which is: 0&#x0A;  110&#x0A;Item 2 should be at x=110 (100 + 10 gap)&#x0A;" type=""><![CDATA[../../test/test_radiant_flex_gtest.cpp:168
Expected equality of these values:
  item2->x
    Which is: 0
  110
Item 2 should be at x=110 (100 + 10 gap)
]]></failure>
      <failure message="../../test/test_radiant_flex_gtest.cpp:170&#x0A;Expected equality of these values:&#x0A;  item2-&gt;width&#x0A;    Which is: 0&#x0A;  100&#x0A;Item 2 should maintain width=100&#x0A;" type=""><![CDATA[../../test/test_radiant_flex_gtest.cpp:170
Expected equality of these values:
  item2->width
    Which is: 0
  100
Item 2 should maintain width=100
]]></failure>
      <failure message="../../test/test_radiant_flex_gtest.cpp:172&#x0A;Expected equality of these values:&#x0A;  item3-&gt;x&#x0A;    Which is: 5&#x0A;  220&#x0A;Item 3 should be at x=220 (110 + 100 + 10 gap)&#x0A;" type=""><![CDATA[../../test/test_radiant_flex_gtest.cpp:172
Expected equality of these values:
  item3->x
    Which is: 5
  220
Item 3 should be at x=220 (110 + 100 + 10 gap)
]]></failure>
      <failure message="../../test/test_radiant_flex_gtest.cpp:174&#x0A;Expected equality of these values:&#x0A;  item3-&gt;width&#x0A;    Which is: 0&#x0A;  100&#x0A;Item 3 should maintain width=100&#x0A;" type=""><![CDATA[../../test/test_radiant_flex_gtest.cpp:174
Expected equality of these values:
  item3->width
    Which is: 0
  100
Item 3 should maintain width=100
]]></failure>
    </testcase>
  </testsuite>
</testsuites>
